

Version:	3.9
CmdLine:	L:\JavaProject\GameTetris\dist\tet.exe --l4j-debug
WOW64:		yes
Working dir:	L:\JavaProject\GameTetris\dist\.
64-bit search:	SOFTWARE\JavaSoft\Java Runtime Environment...
Check:		SOFTWARE\JavaSoft\Java Runtime Environment\1.7
Ignore:		1.7
Check:		SOFTWARE\JavaSoft\Java Runtime Environment\1.7.0_79
Check launcher:	K:\Java\bin\javaw.exe (OK)
Match:		1.7.0_079
Check:		SOFTWARE\JavaSoft\Java Runtime Environment\1.8
Check launcher:	K:\Program Files\Java\jdk1.8.0_45\bin\javaw.exe (OK)
Match:		1.8
Check:		SOFTWARE\JavaSoft\Java Runtime Environment\1.8.0_45
Check launcher:	K:\Program Files\Java\jdk1.8.0_45\bin\javaw.exe (OK)
Match:		1.8.0_045
64-bit search:	SOFTWARE\JavaSoft\Java Development Kit...
Check:		SOFTWARE\JavaSoft\Java Development Kit\1.7
Ignore:		1.7
Check:		SOFTWARE\JavaSoft\Java Development Kit\1.7.0_79
Ignore:		1.7.0_079
Check:		SOFTWARE\JavaSoft\Java Development Kit\1.8
Ignore:		1.8
Check:		SOFTWARE\JavaSoft\Java Development Kit\1.8.0_45
Ignore:		1.8.0_045
Runtime used:	1.8.0_045 (64-bit)
Launcher:	K:\Program Files\Java\jdk1.8.0_45\bin\javaw.exe
Launcher args:	-jar "L:\JavaProject\GameTetris\dist\tet.exe"
Args length:	45/32768 chars
Exit code:	0


Version:	3.9
CmdLine:	L:\JavaProject\GameTetris\dist\tet.exe --l4j-debug
WOW64:		yes
Working dir:	L:\JavaProject\GameTetris\dist\.
64-bit search:	SOFTWARE\JavaSoft\Java Runtime Environment...
Check:		SOFTWARE\JavaSoft\Java Runtime Environment\1.7
Ignore:		1.7
Check:		SOFTWARE\JavaSoft\Java Runtime Environment\1.7.0_79
Check launcher:	K:\Java\bin\javaw.exe (OK)
Match:		1.7.0_079
Check:		SOFTWARE\JavaSoft\Java Runtime Environment\1.8
Check launcher:	K:\Program Files\Java\jdk1.8.0_45\bin\javaw.exe (OK)
Match:		1.8
Check:		SOFTWARE\JavaSoft\Java Runtime Environment\1.8.0_45
Check launcher:	K:\Program Files\Java\jdk1.8.0_45\bin\javaw.exe (OK)
Match:		1.8.0_045
64-bit search:	SOFTWARE\JavaSoft\Java Development Kit...
Check:		SOFTWARE\JavaSoft\Java Development Kit\1.7
Ignore:		1.7
Check:		SOFTWARE\JavaSoft\Java Development Kit\1.7.0_79
Ignore:		1.7.0_079
Check:		SOFTWARE\JavaSoft\Java Development Kit\1.8
Ignore:		1.8
Check:		SOFTWARE\JavaSoft\Java Development Kit\1.8.0_45
Ignore:		1.8.0_045
Runtime used:	1.8.0_045 (64-bit)
Launcher:	K:\Program Files\Java\jdk1.8.0_45\bin\javaw.exe
Launcher args:	-jar "L:\JavaProject\GameTetris\dist\tet.exe"
Args length:	45/32768 chars
Exit code:	0


Version:	3.9
CmdLine:	L:\JavaProject\GameTetris\dist\tet.exe --l4j-debug
WOW64:		yes
Working dir:	L:\JavaProject\GameTetris\dist\.
64-bit search:	SOFTWARE\JavaSoft\Java Runtime Environment...
Check:		SOFTWARE\JavaSoft\Java Runtime Environment\1.7
Ignore:		1.7
Check:		SOFTWARE\JavaSoft\Java Runtime Environment\1.7.0_79
Check launcher:	K:\Java\bin\javaw.exe (OK)
Match:		1.7.0_079
Check:		SOFTWARE\JavaSoft\Java Runtime Environment\1.8
Check launcher:	K:\Program Files\Java\jdk1.8.0_45\bin\javaw.exe (OK)
Match:		1.8
Check:		SOFTWARE\JavaSoft\Java Runtime Environment\1.8.0_45
Check launcher:	K:\Program Files\Java\jdk1.8.0_45\bin\javaw.exe (OK)
Match:		1.8.0_045
64-bit search:	SOFTWARE\JavaSoft\Java Development Kit...
Check:		SOFTWARE\JavaSoft\Java Development Kit\1.7
Ignore:		1.7
Check:		SOFTWARE\JavaSoft\Java Development Kit\1.7.0_79
Ignore:		1.7.0_079
Check:		SOFTWARE\JavaSoft\Java Development Kit\1.8
Ignore:		1.8
Check:		SOFTWARE\JavaSoft\Java Development Kit\1.8.0_45
Ignore:		1.8.0_045
Runtime used:	1.8.0_045 (64-bit)
Launcher:	K:\Program Files\Java\jdk1.8.0_45\bin\javaw.exe
Launcher args:	-jar "L:\JavaProject\GameTetris\dist\tet.exe"
Args length:	45/32768 chars
Exit code:	0
